commit 287edb5772425ae2bc8b1e07928f7f5253af6d97 (HEAD -> main, origin/main, origin/feature/test-suite, origin/HEAD, feature/test-suite)
Reflog: refs/remotes/origin/main@{0} (Aula - Firenze <floritrifi22@gmail.com>)
Reflog message: update by push
Author:     Aula - Firenze <floritrifi22@gmail.com>
AuthorDate: Tue May 12 17:31:55 2026 +0200
Commit:     Aula - Firenze <floritrifi22@gmail.com>
CommitDate: Tue May 12 17:31:55 2026 +0200

    Hangar Test per gli ID

commit 287edb5772425ae2bc8b1e07928f7f5253af6d97 (HEAD -> main, origin/main, origin/feature/test-suite, origin/HEAD, feature/test-suite)
Reflog: refs/heads/main@{0} (Aula - Firenze <floritrifi22@gmail.com>)
Reflog message: merge feature/test-suite: Fast-forward
Author:     Aula - Firenze <floritrifi22@gmail.com>
AuthorDate: Tue May 12 17:31:55 2026 +0200
Commit:     Aula - Firenze <floritrifi22@gmail.com>
CommitDate: Tue May 12 17:31:55 2026 +0200

    Hangar Test per gli ID

commit 287edb5772425ae2bc8b1e07928f7f5253af6d97 (HEAD -> main, origin/main, origin/feature/test-suite, origin/HEAD, feature/test-suite)
Reflog: HEAD@{0} (Aula - Firenze <floritrifi22@gmail.com>)
Reflog message: merge feature/test-suite: Fast-forward
Author:     Aula - Firenze <floritrifi22@gmail.com>
AuthorDate: Tue May 12 17:31:55 2026 +0200
Commit:     Aula - Firenze <floritrifi22@gmail.com>
CommitDate: Tue May 12 17:31:55 2026 +0200

    Hangar Test per gli ID

commit ec5651ad041b6e28764c7a6438a75b3b987d6827
Reflog: HEAD@{1} (Aula - Firenze <floritrifi22@gmail.com>)
Reflog message: checkout: moving from feature/test-suite to main
Author:     Aula - Firenze <floritrifi22@gmail.com>
AuthorDate: Tue May 12 17:24:51 2026 +0200
Commit:     Aula - Firenze <floritrifi22@gmail.com>
CommitDate: Tue May 12 17:24:51 2026 +0200

Hangar Test metodo retire

:
commit 287edb5772425ae2bc8b1e07928f7f5253af6d97 (HEAD -> main, origin/main, origin/feature/test-suite, origin/HEAD, feature/test-suite)
Reflog: refs/remotes/origin/main@{0} (Aula - Firenze <floritrifi22@gmail.com>)
Reflog message: update by push
Author:     Aula - Firenze <floritrifi22@gmail.com>
AuthorDate: Tue May 12 17:31:55 2026 +0200
Commit:     Aula - Firenze <floritrifi22@gmail.com>
CommitDate: Tue May 12 17:31:55 2026 +0200

    Hangar Test per gli ID

commit 287edb5772425ae2bc8b1e07928f7f5253af6d97 (HEAD -> main, origin/main, origin/feature/test-suite, origin/HEAD, feature/test-suite)
Reflog: refs/heads/main@{0} (Aula - Firenze <floritrifi22@gmail.com>)
Reflog message: merge feature/test-suite: Fast-forward
Author:     Aula - Firenze <floritrifi22@gmail.com>
:
commit 287edb5772425ae2bc8b1e07928f7f5253af6d97 (HEAD -> main, origin/main, origin/feature/test-suite, origin/HEAD, feature/test-suite)
Reflog: refs/remotes/origin/main@{0} (Aula - Firenze <floritrifi22@gmail.com>)
Reflog message: update by push
Author:     Aula - Firenze <floritrifi22@gmail.com>
AuthorDate: Tue May 12 17:31:55 2026 +0200
Commit:     Aula - Firenze <floritrifi22@gmail.com>
CommitDate: Tue May 12 17:31:55 2026 +0200

    Hangar Test per gli ID

commit 287edb5772425ae2bc8b1e07928f7f5253af6d97 (HEAD -> main, origin/main, origin/feature/test-suite, origin/HEAD, feature/test-suite)
Reflog: refs/heads/main@{0} (Aula - Firenze <floritrifi22@gmail.com>)
Reflog message: merge feature/test-suite: Fast-forward
Author:     Aula - Firenze <floritrifi22@gmail.com>
AuthorDate: Tue May 12 17:31:55 2026 +0200
Commit:     Aula - Firenze <floritrifi22@gmail.com>
CommitDate: Tue May 12 17:31:55 2026 +0200

    Hangar Test per gli ID

commit 287edb5772425ae2bc8b1e07928f7f5253af6d97 (HEAD -> main, origin/main, origin/feature/test-suite, origin/HEAD, feature/test-suite)
Reflog: HEAD@{0} (Aula - Firenze <floritrifi22@gmail.com>)
Reflog message: merge feature/test-suite: Fast-forward
Author:     Aula - Firenze <floritrifi22@gmail.com>
:
commit 287edb5772425ae2bc8b1e07928f7f5253af6d97 (HEAD -> main, origin/main, origin/feature/test-suite, origin/HEAD, feature/test-suite)
Reflog: refs/remotes/origin/main@{0} (Aula - Firenze <floritrifi22@gmail.com>)
Reflog message: update by push
Author:     Aula - Firenze <floritrifi22@gmail.com>
AuthorDate: Tue May 12 17:31:55 2026 +0200
Commit:     Aula - Firenze <floritrifi22@gmail.com>
CommitDate: Tue May 12 17:31:55 2026 +0200

    Hangar Test per gli ID

commit 287edb5772425ae2bc8b1e07928f7f5253af6d97 (HEAD -> main, origin/main, origin/feature/test-suite, origin/HEAD, feature/test-suite)
Reflog: refs/heads/main@{0} (Aula - Firenze <floritrifi22@gmail.com>)
Reflog message: merge feature/test-suite: Fast-forward
Author:     Aula - Firenze <floritrifi22@gmail.com>
AuthorDate: Tue May 12 17:31:55 2026 +0200
Commit:     Aula - Firenze <floritrifi22@gmail.com>
CommitDate: Tue May 12 17:31:55 2026 +0200

    Hangar Test per gli ID

commit 287edb5772425ae2bc8b1e07928f7f5253af6d97 (HEAD -> main, origin/main, origin/feature/test-suite, origin/HEAD, feature/test-suite)
Reflog: HEAD@{0} (Aula - Firenze <floritrifi22@gmail.com>)
Reflog message: merge feature/test-suite: Fast-forward
Author:     Aula - Firenze <floritrifi22@gmail.com>
AuthorDate: Tue May 12 17:31:55 2026 +0200
Commit:     Aula - Firenze <floritrifi22@gmail.com>
CommitDate: Tue May 12 17:31:55 2026 +0200

    Hangar Test per gli ID

commit ec5651ad041b6e28764c7a6438a75b3b987d6827
Reflog: HEAD@{1} (Aula - Firenze <floritrifi22@gmail.com>)
Reflog message: checkout: moving from feature/test-suite to main
Author:     Aula - Firenze <floritrifi22@gmail.com>
AuthorDate: Tue May 12 17:24:51 2026 +0200
Commit:     Aula - Firenze <floritrifi22@gmail.com>
CommitDate: Tue May 12 17:24:51 2026 +0200

    Hangar Test metodo retire

commit 287edb5772425ae2bc8b1e07928f7f5253af6d97 (HEAD -> main, origin/main, origin/feature/test-suite, origin/HEAD, feature/test-suite)
Reflog: refs/remotes/origin/feature/test-suite@{0} (Aula - Firenze <floritrifi22@gmail.com>)
Reflog message: update by push
Author:     Aula - Firenze <floritrifi22@gmail.com>
AuthorDate: Tue May 12 17:31:55 2026 +0200
Commit:     Aula - Firenze <floritrifi22@gmail.com>
CommitDate: Tue May 12 17:31:55 2026 +0200

    Hangar Test per gli ID

commit 287edb5772425ae2bc8b1e07928f7f5253af6d97 (HEAD -> main, origin/main, origin/feature/test-suite, origin/HEAD, feature/test-suite)
Reflog: refs/heads/feature/test-suite@{0} (Aula - Firenze <floritrifi22@gmail.com>)
Reflog message: commit: Hangar Test per gli ID
Author:     Aula - Firenze <floritrifi22@gmail.com>
AuthorDate: Tue May 12 17:31:55 2026 +0200
Commit:     Aula - Firenze <floritrifi22@gmail.com>
CommitDate: Tue May 12 17:31:55 2026 +0200

    Hangar Test per gli ID

commit 287edb5772425ae2bc8b1e07928f7f5253af6d97 (HEAD -> main, origin/main, origin/feature/test-suite, origin/HEAD, feature/test-suite)
Reflog: HEAD@{2} (Aula - Firenze <floritrifi22@gmail.com>)
Reflog message: commit: Hangar Test per gli ID
Author:     Aula - Firenze <floritrifi22@gmail.com>
AuthorDate: Tue May 12 17:31:55 2026 +0200
Commit:     Aula - Firenze <floritrifi22@gmail.com>
CommitDate: Tue May 12 17:31:55 2026 +0200

    Hangar Test per gli ID

commit ec5651ad041b6e28764c7a6438a75b3b987d6827
Reflog: HEAD@{3} (Aula - Firenze <floritrifi22@gmail.com>)
Reflog message: checkout: moving from main to feature/test-suite
Author:     Aula - Firenze <floritrifi22@gmail.com>
AuthorDate: Tue May 12 17:24:51 2026 +0200
Commit:     Aula - Firenze <floritrifi22@gmail.com>
CommitDate: Tue May 12 17:24:51 2026 +0200

    Hangar Test metodo retire

:
commit 287edb5772425ae2bc8b1e07928f7f5253af6d97 (HEAD -> main, origin/main, origin/feature/test-suite, origin/HEAD, feature/test-suite)
Reflog: refs/remotes/origin/feature/test-suite@{0} (Aula - Firenze <floritrifi22@gmail.com>)
Reflog message: update by push
Author:     Aula - Firenze <floritrifi22@gmail.com>
AuthorDate: Tue May 12 17:31:55 2026 +0200
Commit:     Aula - Firenze <floritrifi22@gmail.com>
CommitDate: Tue May 12 17:31:55 2026 +0200

    Hangar Test per gli ID

commit 287edb5772425ae2bc8b1e07928f7f5253af6d97 (HEAD -> main, origin/main, origin/feature/test-suite, origin/HEAD, feature/test-suite)
Reflog: refs/heads/feature/test-suite@{0} (Aula - Firenze <floritrifi22@gmail.com>)
Reflog message: commit: Hangar Test per gli ID
Author:     Aula - Firenze <floritrifi22@gmail.com>
:
commit 287edb5772425ae2bc8b1e07928f7f5253af6d97 (HEAD -> main, origin/main, origin/feature/test-suite, origin/HEAD, feature/test-suite)
Reflog: refs/remotes/origin/feature/test-suite@{0} (Aula - Firenze <floritrifi22@gmail.com>)
Reflog message: update by push
Author:     Aula - Firenze <floritrifi22@gmail.com>
AuthorDate: Tue May 12 17:31:55 2026 +0200
Commit:     Aula - Firenze <floritrifi22@gmail.com>
CommitDate: Tue May 12 17:31:55 2026 +0200

    Hangar Test per gli ID

commit 287edb5772425ae2bc8b1e07928f7f5253af6d97 (HEAD -> main, origin/main, origin/feature/test-suite, origin/HEAD, feature/test-suite)
Reflog: refs/heads/feature/test-suite@{0} (Aula - Firenze <floritrifi22@gmail.com>)
Reflog message: commit: Hangar Test per gli ID
Author:     Aula - Firenze <floritrifi22@gmail.com>
AuthorDate: Tue May 12 17:31:55 2026 +0200
Commit:     Aula - Firenze <floritrifi22@gmail.com>
CommitDate: Tue May 12 17:31:55 2026 +0200

    Hangar Test per gli ID

commit 287edb5772425ae2bc8b1e07928f7f5253af6d97 (HEAD -> main, origin/main, origin/feature/test-suite, origin/HEAD, feature/test-suite)
Reflog: HEAD@{2} (Aula - Firenze <floritrifi22@gmail.com>)
Reflog message: commit: Hangar Test per gli ID
Author:     Aula - Firenze <floritrifi22@gmail.com>
AuthorDate: Tue May 12 17:31:55 2026 +0200
Commit:     Aula - Firenze <floritrifi22@gmail.com>
CommitDate: Tue May 12 17:31:55 2026 +0200

    Hangar Test per gli ID

commit ec5651ad041b6e28764c7a6438a75b3b987d6827
Reflog: HEAD@{3} (Aula - Firenze <floritrifi22@gmail.com>)
:
commit 287edb5772425ae2bc8b1e07928f7f5253af6d97 (HEAD -> main, origin/main, origin/feature/test-suite, origin/HEAD, feature/test-suite)
Reflog: refs/remotes/origin/feature/test-suite@{0} (Aula - Firenze <floritrifi22@gmail.com>)
Reflog message: update by push
Author:     Aula - Firenze <floritrifi22@gmail.com>
AuthorDate: Tue May 12 17:31:55 2026 +0200
Commit:     Aula - Firenze <floritrifi22@gmail.com>
CommitDate: Tue May 12 17:31:55 2026 +0200

    Hangar Test per gli ID

commit 287edb5772425ae2bc8b1e07928f7f5253af6d97 (HEAD -> main, origin/main, origin/feature/test-suite, origin/HEAD, feature/test-suite)
Reflog: refs/heads/feature/test-suite@{0} (Aula - Firenze <floritrifi22@gmail.com>)
Reflog message: commit: Hangar Test per gli ID
Author:     Aula - Firenze <floritrifi22@gmail.com>
:
commit 287edb5772425ae2bc8b1e07928f7f5253af6d97 (HEAD -> main, origin/main, origin/feature/test-suite, origin/HEAD, feature/test-suite)
Reflog: refs/remotes/origin/feature/test-suite@{0} (Aula - Firenze <floritrifi22@gmail.com>)
Reflog message: update by push
Author:     Aula - Firenze <floritrifi22@gmail.com>
AuthorDate: Tue May 12 17:31:55 2026 +0200
Commit:     Aula - Firenze <floritrifi22@gmail.com>
CommitDate: Tue May 12 17:31:55 2026 +0200

    Hangar Test per gli ID

commit 287edb5772425ae2bc8b1e07928f7f5253af6d97 (HEAD -> main, origin/main, origin/feature/test-suite, origin/HEAD, feature/test-suite)
Reflog: refs/heads/feature/test-suite@{0} (Aula - Firenze <floritrifi22@gmail.com>)
Reflog message: commit: Hangar Test per gli ID
Author:     Aula - Firenze <floritrifi22@gmail.com>
AuthorDate: Tue May 12 17:31:55 2026 +0200
Commit:     Aula - Firenze <floritrifi22@gmail.com>
CommitDate: Tue May 12 17:31:55 2026 +0200

    Hangar Test per gli ID

commit 287edb5772425ae2bc8b1e07928f7f5253af6d97 (HEAD -> main, origin/main, origin/feature/test-suite, origin/HEAD, feature/test-suite)
Reflog: HEAD@{2} (Aula - Firenze <floritrifi22@gmail.com>)
Reflog message: commit: Hangar Test per gli ID
Author:     Aula - Firenze <floritrifi22@gmail.com>
AuthorDate: Tue May 12 17:31:55 2026 +0200
Commit:     Aula - Firenze <floritrifi22@gmail.com>
CommitDate: Tue May 12 17:31:55 2026 +0200

    Hangar Test per gli ID

commit ec5651ad041b6e28764c7a6438a75b3b987d6827
Reflog: HEAD@{3} (Aula - Firenze <floritrifi22@gmail.com>)
Reflog message: checkout: moving from main to feature/test-suite
Author:     Aula - Firenze <floritrifi22@gmail.com>
AuthorDate: Tue May 12 17:24:51 2026 +0200
:
commit 287edb5772425ae2bc8b1e07928f7f5253af6d97 (HEAD -> main, origin/main, origin/feature/test-suite, origin/HEAD, feature/test-suite)
Reflog: refs/remotes/origin/feature/test-suite@{0} (Aula - Firenze <floritrifi22@gmail.com>)
Reflog message: update by push
Author:     Aula - Firenze <floritrifi22@gmail.com>
AuthorDate: Tue May 12 17:31:55 2026 +0200
Commit:     Aula - Firenze <floritrifi22@gmail.com>
CommitDate: Tue May 12 17:31:55 2026 +0200

    Hangar Test per gli ID

commit 287edb5772425ae2bc8b1e07928f7f5253af6d97 (HEAD -> main, origin/main, origin/feature/test-suite, origin/HEAD, feature/test-suite)
Reflog: refs/heads/feature/test-suite@{0} (Aula - Firenze <floritrifi22@gmail.com>)
Reflog message: commit: Hangar Test per gli ID
Author:     Aula - Firenze <floritrifi22@gmail.com>
AuthorDate: Tue May 12 17:31:55 2026 +0200
Commit:     Aula - Firenze <floritrifi22@gmail.com>
CommitDate: Tue May 12 17:31:55 2026 +0200

    Hangar Test per gli ID

commit 287edb5772425ae2bc8b1e07928f7f5253af6d97 (HEAD -> main, origin/main, origin/feature/test-suite, origin/HEAD, feature/test-suite)
Reflog: HEAD@{2} (Aula - Firenze <floritrifi22@gmail.com>)
Reflog message: commit: Hangar Test per gli ID
Author:     Aula - Firenze <floritrifi22@gmail.com>
AuthorDate: Tue May 12 17:31:55 2026 +0200
Commit:     Aula - Firenze <floritrifi22@gmail.com>
CommitDate: Tue May 12 17:31:55 2026 +0200

    Hangar Test per gli ID

commit ec5651ad041b6e28764c7a6438a75b3b987d6827
Reflog: HEAD@{3} (Aula - Firenze <floritrifi22@gmail.com>)
Reflog message: checkout: moving from main to feature/test-suite
Author:     Aula - Firenze <floritrifi22@gmail.com>
AuthorDate: Tue May 12 17:24:51 2026 +0200
Commit:     Aula - Firenze <floritrifi22@gmail.com>
CommitDate: Tue May 12 17:24:51 2026 +0200

    Hangar Test metodo retire

:
commit 287edb5772425ae2bc8b1e07928f7f5253af6d97 (HEAD -> main, origin/main, origin/feature/test-suite, origin/HEAD, feature/test-suite)
Reflog: refs/remotes/origin/feature/test-suite@{0} (Aula - Firenze <floritrifi22@gmail.com>)
Reflog message: update by push
Author:     Aula - Firenze <floritrifi22@gmail.com>
AuthorDate: Tue May 12 17:31:55 2026 +0200
Commit:     Aula - Firenze <floritrifi22@gmail.com>
CommitDate: Tue May 12 17:31:55 2026 +0200

    Hangar Test per gli ID

commit 287edb5772425ae2bc8b1e07928f7f5253af6d97 (HEAD -> main, origin/main, origin/feature/test-suite, origin/HEAD, feature/test-suite)
Reflog: refs/heads/feature/test-suite@{0} (Aula - Firenze <floritrifi22@gmail.com>)
Reflog message: commit: Hangar Test per gli ID
Author:     Aula - Firenze <floritrifi22@gmail.com>
:
commit 287edb5772425ae2bc8b1e07928f7f5253af6d97 (HEAD -> main, origin/main, origin/feature/test-suite, origin/HEAD, feature/test-suite)
Reflog: refs/remotes/origin/feature/test-suite@{0} (Aula - Firenze <floritrifi22@gmail.com>)
Reflog message: update by push
Author:     Aula - Firenze <floritrifi22@gmail.com>
AuthorDate: Tue May 12 17:31:55 2026 +0200
Commit:     Aula - Firenze <floritrifi22@gmail.com>
CommitDate: Tue May 12 17:31:55 2026 +0200

    Hangar Test per gli ID

commit 287edb5772425ae2bc8b1e07928f7f5253af6d97 (HEAD -> main, origin/main, origin/feature/test-suite, origin/HEAD, feature/test-suite)
Reflog: refs/heads/feature/test-suite@{0} (Aula - Firenze <floritrifi22@gmail.com>)
Reflog message: commit: Hangar Test per gli ID
Author:     Aula - Firenze <floritrifi22@gmail.com>
AuthorDate: Tue May 12 17:31:55 2026 +0200
Commit:     Aula - Firenze <floritrifi22@gmail.com>
CommitDate: Tue May 12 17:31:55 2026 +0200

    Hangar Test per gli ID

commit 287edb5772425ae2bc8b1e07928f7f5253af6d97 (HEAD -> main, origin/main, origin/feature/test-suite, origin/HEAD, feature/test-suite)
Reflog: HEAD@{2} (Aula - Firenze <floritrifi22@gmail.com>)
Reflog message: commit: Hangar Test per gli ID
Author:     Aula - Firenze <floritrifi22@gmail.com>
AuthorDate: Tue May 12 17:31:55 2026 +0200
Commit:     Aula - Firenze <floritrifi22@gmail.com>
CommitDate: Tue May 12 17:31:55 2026 +0200

    Hangar Test per gli ID

commit ec5651ad041b6e28764c7a6438a75b3b987d6827
Reflog: HEAD@{3} (Aula - Firenze <floritrifi22@gmail.com>)
Reflog message: checkout: moving from main to feature/test-suite
:
commit 287edb5772425ae2bc8b1e07928f7f5253af6d97 (HEAD -> main, origin/main, origin/feature/test-suite, origin/HEAD, feature/test-suite)
Reflog: refs/remotes/origin/feature/test-suite@{0} (Aula - Firenze <floritrifi22@gmail.com>)
Reflog message: update by push
Author:     Aula - Firenze <floritrifi22@gmail.com>
AuthorDate: Tue May 12 17:31:55 2026 +0200
Commit:     Aula - Firenze <floritrifi22@gmail.com>
CommitDate: Tue May 12 17:31:55 2026 +0200

    Hangar Test per gli ID

commit 287edb5772425ae2bc8b1e07928f7f5253af6d97 (HEAD -> main, origin/main, origin/feature/test-suite, origin/HEAD, feature/test-suite)
Reflog: refs/heads/feature/test-suite@{0} (Aula - Firenze <floritrifi22@gmail.com>)
Reflog message: commit: Hangar Test per gli ID
Author:     Aula - Firenze <floritrifi22@gmail.com>
AuthorDate: Tue May 12 17:31:55 2026 +0200
Commit:     Aula - Firenze <floritrifi22@gmail.com>
CommitDate: Tue May 12 17:31:55 2026 +0200

    Hangar Test per gli ID

commit 287edb5772425ae2bc8b1e07928f7f5253af6d97 (HEAD -> main, origin/main, origin/feature/test-suite, origin/HEAD, feature/test-suite)
Reflog: HEAD@{2} (Aula - Firenze <floritrifi22@gmail.com>)
Reflog message: commit: Hangar Test per gli ID
Author:     Aula - Firenze <floritrifi22@gmail.com>
AuthorDate: Tue May 12 17:31:55 2026 +0200
Commit:     Aula - Firenze <floritrifi22@gmail.com>
CommitDate: Tue May 12 17:31:55 2026 +0200

    Hangar Test per gli ID

commit ec5651ad041b6e28764c7a6438a75b3b987d6827
Reflog: HEAD@{3} (Aula - Firenze <floritrifi22@gmail.com>)
Reflog message: checkout: moving from main to feature/test-suite
Author:     Aula - Firenze <floritrifi22@gmail.com>
AuthorDate: Tue May 12 17:24:51 2026 +0200
:
commit 287edb5772425ae2bc8b1e07928f7f5253af6d97 (HEAD -> main, origin/main, origin/feature/test-suite, origin/HEAD, feature/test-suite)
Reflog: refs/remotes/origin/feature/test-suite@{0} (Aula - Firenze <floritrifi22@gmail.com>)
Reflog message: update by push
Author:     Aula - Firenze <floritrifi22@gmail.com>
AuthorDate: Tue May 12 17:31:55 2026 +0200
Commit:     Aula - Firenze <floritrifi22@gmail.com>
CommitDate: Tue May 12 17:31:55 2026 +0200

    Hangar Test per gli ID

commit 287edb5772425ae2bc8b1e07928f7f5253af6d97 (HEAD -> main, origin/main, origin/feature/test-suite, origin/HEAD, feature/test-suite)
Reflog: refs/heads/feature/test-suite@{0} (Aula - Firenze <floritrifi22@gmail.com>)
Reflog message: commit: Hangar Test per gli ID
Author:     Aula - Firenze <floritrifi22@gmail.com>
AuthorDate: Tue May 12 17:31:55 2026 +0200
Commit:     Aula - Firenze <floritrifi22@gmail.com>
CommitDate: Tue May 12 17:31:55 2026 +0200

    Hangar Test per gli ID

commit 287edb5772425ae2bc8b1e07928f7f5253af6d97 (HEAD -> main, origin/main, origin/feature/test-suite, origin/HEAD, feature/test-suite)
Reflog: HEAD@{2} (Aula - Firenze <floritrifi22@gmail.com>)
Reflog message: commit: Hangar Test per gli ID
Author:     Aula - Firenze <floritrifi22@gmail.com>
AuthorDate: Tue May 12 17:31:55 2026 +0200
Commit:     Aula - Firenze <floritrifi22@gmail.com:
commit 287edb5772425ae2bc8b1e07928f7f5253af6d97 (HEAD -> main, origin/main, origin/feature/test-suite, origin/HEAD, feature/test-suite)
Reflog: refs/remotes/origin/feature/test-suite@{0} (Aula - Firenze <floritrifi22@gmail.com>)
Reflog message: update by push
Author:     Aula - Firenze <floritrifi22@gmail.com>
AuthorDate: Tue May 12 17:31:55 2026 +0200
Commit:     Aula - Firenze <floritrifi22@gmail.com>
CommitDate: Tue May 12 17:31:55 2026 +0200

    Hangar Test per gli ID

commit 287edb5772425ae2bc8b1e07928f7f5253af6d97 (HEAD -> main, origin/main, origin/feature/test-suite, origin/HEAD, feature/test-suite)
Reflog: refs/heads/feature/test-suite@{0} (Aula - Firenze <floritrifi22@gmail.com>)
Reflog message: commit: Hangar Test per gli ID
Author:     Aula - Firenze <floritrifi22@gmail.com>
AuthorDate: Tue May 12 17:31:55 2026 +0200
Commit:     Aula - Firenze <floritrifi22@gmail.com>
CommitDate: Tue May 12 17:31:55 2026 +0200

    Hangar Test per gli ID

commit 287edb5772425ae2bc8b1e07928f7f5253af6d97 (HEAD -> main, origin/main, origin/feature/test-suite, origin/HEAD, feature/test-suite)
Reflog: HEAD@{2} (Aula - Firenze <floritrifi22@gmail.com>)
Reflog message: commit: Hangar Test per gli ID
Author:     Aula - Firenze <floritrifi22@gmail.com>
AuthorDate: Tue May 12 17:31:55 2026 +0200
Commit:     Aula - Firenze <floritrifi22@gmail.com>
CommitDate: Tue May 12 17:31:55 2026 +0200

    Hangar Test per gli ID

commit ec5651ad041b6e28764c7a6438a75b3b987d6827
Reflog: HEAD@{3} (Aula - Firenze <floritrifi22@gmail.com>)
Reflog message: checkout: moving from main to feature/test-suite
Author:     Aula - Firenze <floritrifi22@gmail.com>
AuthorDate: Tue May 12 17:24:51 2026 +0200
:
commit 287edb5772425ae2bc8b1e07928f7f5253af6d97 (HEAD -> main, origin/main, origin/feature/test-suite, origin/HEAD, feature/test-suite)
Reflog: refs/remotes/origin/feature/test-suite@{0} (Aula - Firenze <floritrifi22@gmail.com>)
Reflog message: update by push
Author:     Aula - Firenze <floritrifi22@gmail.com>
AuthorDate: Tue May 12 17:31:55 2026 +0200
Commit:     Aula - Firenze <floritrifi22@gmail.com>
CommitDate: Tue May 12 17:31:55 2026 +0200

    Hangar Test per gli ID

commit 287edb5772425ae2bc8b1e07928f7f5253af6d97 (HEAD -> main, origin/main, origin/feature/test-suite, origin/HEAD, feature/test-suite)
Reflog: refs/heads/feature/test-suite@{0} (Aula - Firenze <floritrifi22@gmail.com>)
Reflog message: commit: Hangar Test per gli ID
Author:     Aula - Firenze <floritrifi22@gmail.com>
AuthorDate: Tue May 12 17:31:55 2026 +0200
Commit:     Aula - Firenze <floritrifi22@gmail.com>
CommitDate: Tue May 12 17:31:55 2026 +0200

    Hangar Test per gli ID

commit 287edb5772425ae2bc8b1e07928f7f5253af6d97 (HEAD -> main, origin/main, origin/feature/test-suite, origin/HEAD, feature/test-suite)
Reflog: HEAD@{2} (Aula - Firenze <floritrifi22@gmail.com>)
Reflog message: commit: Hangar Test per gli ID
Author:     Aula - Firenze <floritrifi22@gmail.com>
AuthorDate: Tue May 12 17:31:55 2026 +0200
Commit:     Aula - Firenze <floritrifi22@gmail.com>
CommitDate: Tue May 12 17:31:55 2026 +0200

    Hangar Test per gli ID

commit ec5651ad041b6e28764c7a6438a75b3b987d6827
Reflog: HEAD@{3} (Aula - Firenze <floritrifi22@gmail.com>)
Reflog message: checkout: moving from main to feature/test-suite
Author:     Aula - Firenze <floritrifi22@gmail.com>
AuthorDate: Tue May 12 17:24:51 2026 +0200
Commit:     Aula - Firenze <floritrifi22@gmail.com>
CommitDate: Tue May 12 17:24:51 2026 +0200

    Hangar Test metodo retire

:
commit 287edb5772425ae2bc8b1e07928f7f5253af6d97 (HEAD -> main, origin/main, origin/feature/test-suite, origin/HEAD, feature/test-suite)
Reflog: refs/remotes/origin/feature/test-suite@{0} (Aula - Firenze <floritrifi22@gmail.com>)
Reflog message: update by push
Author:     Aula - Firenze <floritrifi22@gmail.com>
AuthorDate: Tue May 12 17:31:55 2026 +0200
Commit:     Aula - Firenze <floritrifi22@gmail.com>
CommitDate: Tue May 12 17:31:55 2026 +0200

    Hangar Test per gli ID

commit 287edb5772425ae2bc8b1e07928f7f5253af6d97 (HEAD -> main, origin/main, origin/feature/test-suite, origin/HEAD, feature/test-suite)
Reflog: refs/heads/feature/test-suite@{0} (Aula - Firenze <floritrifi22@gmail.com>)
Reflog message: commit: Hangar Test per gli ID
Author:     Aula - Firenze <floritrifi22@gmail.com>
AuthorDate: Tue May 12 17:31:55 2026 +0200
Commit:     Aula - Firenze <floritrifi22@gmail.com>
CommitDate: Tue May 12 17:31:55 2026 +0200

    Hangar Test per gli ID

commit 287edb5772425ae2bc8b1e07928f7f5253af6d97 (HEAD -> main, origin/main, origin/feature/test-suite, origin/HEAD, feature/test-suite)
Reflog: HEAD@{2} (Aula - Firenze <floritrifi22@gmail.com>)
Reflog message: commit: Hangar Test per gli ID
Author:     Aula - Firenze <floritrifi22@gmail.com>
AuthorDate: Tue May 12 17:31:55 2026 +0200
Commit:     Aula - Firenze <floritrifi22@gmail.com>
CommitDate: Tue May 12 17:31:55 2026 +0200

    Hangar Test per gli ID

commit ec5651ad041b6e28764c7a6438a75b3b987d6827
Reflog: HEAD@{3} (Aula - Firenze <floritrifi22@gmail.com>)
Reflog message: checkout: moving from main to feature/test-suite
Author:     Aula - Firenze <floritrifi22@gmail.com>
AuthorDate: Tue May 12 17:24:51 2026 +0200
Commit:     Aula - Firenze <floritrifi22@gmail.com>
CommitDate: Tue May 12 17:24:51 2026 +0200

    Hangar Test metodo retire

commit ec5651ad041b6e28764c7a6438a75b3b987d6827
Reflog: refs/remotes/origin/main@{1} (Aula - Firenze <floritrifi22@gmail.com>)
Reflog message: update by push
Author:     Aula - Firenze <floritrifi22@gmail.com>
AuthorDate: Tue May 12 17:24:51 2026 +0200
Commit:     Aula - Firenze <floritrifi22@gmail.com>
CommitDate: Tue May 12 17:24:51 2026 +0200

    Hangar Test metodo retire

commit ec5651ad041b6e28764c7a6438a75b3b987d6827
Reflog: refs/heads/main@{1} (Aula - Firenze <floritrifi22@gmail.com>)
Reflog message: merge feature/test-suite: Fast-forward
Author:     Aula - Firenze <floritrifi22@gmail.com>
AuthorDate: Tue May 12 17:24:51 2026 +0200
Commit:     Aula - Firenze <floritrifi22@gmail.com>
CommitDate: Tue May 12 17:24:51 2026 +0200

    Hangar Test metodo retire

commit ec5651ad041b6e28764c7a6438a75b3b987d6827
Reflog: HEAD@{4} (Aula - Firenze <floritrifi22@gmail.com>)
Reflog message: merge feature/test-suite: Fast-forward
Author:     Aula - Firenze <floritrifi22@gmail.com>
AuthorDate: Tue May 12 17:24:51 2026 +0200
Commit:     Aula - Firenze <floritrifi22@gmail.com>
CommitDate: Tue May 12 17:24:51 2026 +0200

    Hangar Test metodo retire

commit 35a3782bf1f7c223f71f781579e9aec9887f643e
Reflog: HEAD@{5} (Aula - Firenze <floritrifi22@gmail.com>)
Reflog message: checkout: moving from feature/test-suite to main
Author:     Aula - Firenze <floritrifi22@gmail.com>
AuthorDate: Tue May 12 17:20:22 2026 +0200
Commit:     Aula - Firenze <floritrifi22@gmail.com>
CommitDate: Tue May 12 17:20:22 2026 +0200

    Hangar Test metodo send/release

commit ec5651ad041b6e28764c7a6438a75b3b987d6827
Reflog: refs/remotes/origin/feature/test-suite@{1} (Aula - Firenze <floritrifi22@gmail.com>)
Reflog message: update by push
Author:     Aula - Firenze <floritrifi22@gmail.com>
AuthorDate: Tue May 12 17:24:51 2026 +0200
Commit:     Aula - Firenze <floritrifi22@gmail.com>
CommitDate: Tue May 12 17:24:51 2026 +0200

    Hangar Test metodo retire

commit ec5651ad041b6e28764c7a6438a75b3b987d6827
Reflog: refs/heads/feature/test-suite@{1} (Aula - Firenze <floritrifi22@gmail.com>)
Reflog message: commit: Hangar Test metodo retire
Author:     Aula - Firenze <floritrifi22@gmail.com>
AuthorDate: Tue May 12 17:24:51 2026 +0200
Commit:     Aula - Firenze <floritrifi22@gmail.com>
CommitDate: Tue May 12 17:24:51 2026 +0200

    Hangar Test metodo retire

commit ec5651ad041b6e28764c7a6438a75b3b987d6827
Reflog: HEAD@{6} (Aula - Firenze <floritrifi22@gmail.com>)
Reflog message: commit: Hangar Test metodo retire
Author:     Aula - Firenze <floritrifi22@gmail.com>
AuthorDate: Tue May 12 17:24:51 2026 +0200
Commit:     Aula - Firenze <floritrifi22@gmail.com>
CommitDate: Tue May 12 17:24:51 2026 +0200

    Hangar Test metodo retire

commit 35a3782bf1f7c223f71f781579e9aec9887f643e
Reflog: HEAD@{7} (Aula - Firenze <floritrifi22@gmail.com>)
Reflog message: checkout: moving from main to feature/test-suite
Author:     Aula - Firenze <floritrifi22@gmail.com>
AuthorDate: Tue May 12 17:20:22 2026 +0200
Commit:     Aula - Firenze <floritrifi22@gmail.com>
CommitDate: Tue May 12 17:20:22 2026 +0200

    Hangar Test metodo send/release

commit 35a3782bf1f7c223f71f781579e9aec9887f643e
Reflog: refs/remotes/origin/main@{2} (Aula - Firenze <floritrifi22@gmail.com>)
Reflog message: update by push
Author:     Aula - Firenze <floritrifi22@gmail.com>
AuthorDate: Tue May 12 17:20:22 2026 +0200
Commit:     Aula - Firenze <floritrifi22@gmail.com>
CommitDate: Tue May 12 17:20:22 2026 +0200

    Hangar Test metodo send/release

commit 35a3782bf1f7c223f71f781579e9aec9887f643e
Reflog: refs/heads/main@{2} (Aula - Firenze <floritrifi22@gmail.com>)
Reflog message: merge feature/test-suite: Fast-forward
Author:     Aula - Firenze <floritrifi22@gmail.com>
AuthorDate: Tue May 12 17:20:22 2026 +0200
Commit:     Aula - Firenze <floritrifi22@gmail.com>
CommitDate: Tue May 12 17:20:22 2026 +0200

    Hangar Test metodo send/release

commit 35a3782bf1f7c223f71f781579e9aec9887f643e
Reflog: HEAD@{8} (Aula - Firenze <floritrifi22@gmail.com>)
Reflog message: merge feature/test-suite: Fast-forward
Author:     Aula - Firenze <floritrifi22@gmail.com>
AuthorDate: Tue May 12 17:20:22 2026 +0200
Commit:     Aula - Firenze <floritrifi22@gmail.com>
CommitDate: Tue May 12 17:20:22 2026 +0200

    Hangar Test metodo send/release

commit f6e4d57f4658ff5dd425ce9b63606c743c1df58b
Reflog: HEAD@{9} (Aula - Firenze <floritrifi22@gmail.com>)
Reflog message: checkout: moving from feature/test-suite to main
Author:     Aula - Firenze <floritrifi22@gmail.com>
AuthorDate: Tue May 12 17:14:30 2026 +0200
Commit:     Aula - Firenze <floritrifi22@gmail.com>
CommitDate: Tue May 12 17:14:30 2026 +0200

    Hangar Test metodo launch/land

commit 35a3782bf1f7c223f71f781579e9aec9887f643e
Reflog: refs/remotes/origin/feature/test-suite@{2} (Aula - Firenze <floritrifi22@gmail.com>)
Reflog message: update by push
Author:     Aula - Firenze <floritrifi22@gmail.com>
AuthorDate: Tue May 12 17:20:22 2026 +0200
Commit:     Aula - Firenze <floritrifi22@gmail.com>
CommitDate: Tue May 12 17:20:22 2026 +0200

    Hangar Test metodo send/release

commit 35a3782bf1f7c223f71f781579e9aec9887f643e
Reflog: refs/heads/feature/test-suite@{2} (Aula - Firenze <floritrifi22@gmail.com>)
Reflog message: commit: Hangar Test metodo send/release
Author:     Aula - Firenze <floritrifi22@gmail.com>
AuthorDate: Tue May 12 17:20:22 2026 +0200
Commit:     Aula - Firenze <floritrifi22@gmail.com>
CommitDate: Tue May 12 17:20:22 2026 +0200

    Hangar Test metodo send/release

commit 35a3782bf1f7c223f71f781579e9aec9887f643e
Reflog: HEAD@{10} (Aula - Firenze <floritrifi22@gmail.com>)
Reflog message: commit: Hangar Test metodo send/release
Author:     Aula - Firenze <floritrifi22@gmail.com>
AuthorDate: Tue May 12 17:20:22 2026 +0200
Commit:     Aula - Firenze <floritrifi22@gmail.com>
CommitDate: Tue May 12 17:20:22 2026 +0200

    Hangar Test metodo send/release

commit f6e4d57f4658ff5dd425ce9b63606c743c1df58b
Reflog: HEAD@{11} (Aula - Firenze <floritrifi22@gmail.com>)
Reflog message: checkout: moving from main to feature/test-suite
Author:     Aula - Firenze <floritrifi22@gmail.com>
AuthorDate: Tue May 12 17:14:30 2026 +0200
Commit:     Aula - Firenze <floritrifi22@gmail.com>
CommitDate: Tue May 12 17:14:30 2026 +0200

    Hangar Test metodo launch/land

commit f6e4d57f4658ff5dd425ce9b63606c743c1df58b
Reflog: refs/remotes/origin/main@{3} (Aula - Firenze <floritrifi22@gmail.com>)
Reflog message: update by push
Author:     Aula - Firenze <floritrifi22@gmail.com>
AuthorDate: Tue May 12 17:14:30 2026 +0200
Commit:     Aula - Firenze <floritrifi22@gmail.com>
CommitDate: Tue May 12 17:14:30 2026 +0200

    Hangar Test metodo launch/land

commit f6e4d57f4658ff5dd425ce9b63606c743c1df58b
Reflog: refs/heads/main@{3} (Aula - Firenze <floritrifi22@gmail.com>)
Reflog message: merge feature/test-suite: Fast-forward
Author:     Aula - Firenze <floritrifi22@gmail.com>
AuthorDate: Tue May 12 17:14:30 2026 +0200
Commit:     Aula - Firenze <floritrifi22@gmail.com>
CommitDate: Tue May 12 17:14:30 2026 +0200

    Hangar Test metodo launch/land

commit f6e4d57f4658ff5dd425ce9b63606c743c1df58b
Reflog: HEAD@{12} (Aula - Firenze <floritrifi22@gmail.com>)
Reflog message: merge feature/test-suite: Fast-forward
Author:     Aula - Firenze <floritrifi22@gmail.com>
AuthorDate: Tue May 12 17:14:30 2026 +0200
Commit:     Aula - Firenze <floritrifi22@gmail.com>
CommitDate: Tue May 12 17:14:30 2026 +0200

    Hangar Test metodo launch/land

commit c9b624590f0f27e35647807b9372b04680dcd36d
Reflog: HEAD@{13} (Aula - Firenze <floritrifi22@gmail.com>)
Reflog message: checkout: moving from feature/test-suite to main
Author:     Aula - Firenze <floritrifi22@gmail.com>
AuthorDate: Tue May 12 16:55:44 2026 +0200
Commit:     Aula - Firenze <floritrifi22@gmail.com>
CommitDate: Tue May 12 16:55:44 2026 +0200

    Hangar Test metodo adddrone

commit f6e4d57f4658ff5dd425ce9b63606c743c1df58b
Reflog: refs/remotes/origin/feature/test-suite@{3} (Aula - Firenze <floritrifi22@gmail.com>)
Reflog message: update by push
Author:     Aula - Firenze <floritrifi22@gmail.com>
AuthorDate: Tue May 12 17:14:30 2026 +0200
Commit:     Aula - Firenze <floritrifi22@gmail.com>
CommitDate: Tue May 12 17:14:30 2026 +0200

    Hangar Test metodo launch/land

commit f6e4d57f4658ff5dd425ce9b63606c743c1df58b
Reflog: refs/heads/feature/test-suite@{3} (Aula - Firenze <floritrifi22@gmail.com>)
Reflog message: commit: Hangar Test metodo launch/land
Author:     Aula - Firenze <floritrifi22@gmail.com>
AuthorDate: Tue May 12 17:14:30 2026 +0200
Commit:     Aula - Firenze <floritrifi22@gmail.com>
CommitDate: Tue May 12 17:14:30 2026 +0200

    Hangar Test metodo launch/land

commit f6e4d57f4658ff5dd425ce9b63606c743c1df58b
Reflog: HEAD@{14} (Aula - Firenze <floritrifi22@gmail.com>)
Reflog message: commit: Hangar Test metodo launch/land
Author:     Aula - Firenze <floritrifi22@gmail.com>
AuthorDate: Tue May 12 17:14:30 2026 +0200
Commit:     Aula - Firenze <floritrifi22@gmail.com>
CommitDate: Tue May 12 17:14:30 2026 +0200

    Hangar Test metodo launch/land

commit c9b624590f0f27e35647807b9372b04680dcd36d
Reflog: HEAD@{15} (Aula - Firenze <floritrifi22@gmail.com>)
Reflog message: checkout: moving from main to feature/test-suite
Author:     Aula - Firenze <floritrifi22@gmail.com>
AuthorDate: Tue May 12 16:55:44 2026 +0200
Commit:     Aula - Firenze <floritrifi22@gmail.com>
CommitDate: Tue May 12 16:55:44 2026 +0200

    Hangar Test metodo adddrone

commit c9b624590f0f27e35647807b9372b04680dcd36d
Reflog: refs/remotes/origin/main@{4} (Aula - Firenze <floritrifi22@gmail.com>)
Reflog message: update by push
Author:     Aula - Firenze <floritrifi22@gmail.com>
AuthorDate: Tue May 12 16:55:44 2026 +0200
Commit:     Aula - Firenze <floritrifi22@gmail.com>
CommitDate: Tue May 12 16:55:44 2026 +0200

    Hangar Test metodo adddrone

commit c9b624590f0f27e35647807b9372b04680dcd36d
Reflog: refs/heads/main@{4} (Aula - Firenze <floritrifi22@gmail.com>)
Reflog message: merge feature/test-suite: Fast-forward
Author:     Aula - Firenze <floritrifi22@gmail.com>
AuthorDate: Tue May 12 16:55:44 2026 +0200
Commit:     Aula - Firenze <floritrifi22@gmail.com>
CommitDate: Tue May 12 16:55:44 2026 +0200

    Hangar Test metodo adddrone

commit c9b624590f0f27e35647807b9372b04680dcd36d
Reflog: HEAD@{16} (Aula - Firenze <floritrifi22@gmail.com>)
Reflog message: merge feature/test-suite: Fast-forward
Author:     Aula - Firenze <floritrifi22@gmail.com>
AuthorDate: Tue May 12 16:55:44 2026 +0200
Commit:     Aula - Firenze <floritrifi22@gmail.com>
CommitDate: Tue May 12 16:55:44 2026 +0200

    Hangar Test metodo adddrone

commit 003382a1258d373e36afd51e2ac8d59a41273e1b
Reflog: HEAD@{17} (Aula - Firenze <floritrifi22@gmail.com>)
Reflog message: checkout: moving from feature/test-suite to main
Author:     Aula - Firenze <floritrifi22@gmail.com>
AuthorDate: Tue May 12 16:44:51 2026 +0200
Commit:     Aula - Firenze <floritrifi22@gmail.com>
CommitDate: Tue May 12 16:44:51 2026 +0200

    Hangar Test metodo capacity-Count

commit c9b624590f0f27e35647807b9372b04680dcd36d
Reflog: refs/remotes/origin/feature/test-suite@{4} (Aula - Firenze <floritrifi22@gmail.com>)
Reflog message: update by push
Author:     Aula - Firenze <floritrifi22@gmail.com>
AuthorDate: Tue May 12 16:55:44 2026 +0200
Commit:     Aula - Firenze <floritrifi22@gmail.com>
CommitDate: Tue May 12 16:55:44 2026 +0200

    Hangar Test metodo adddrone

commit c9b624590f0f27e35647807b9372b04680dcd36d
Reflog: refs/heads/feature/test-suite@{4} (Aula - Firenze <floritrifi22@gmail.com>)
Reflog message: commit: Hangar Test metodo adddrone
Author:     Aula - Firenze <floritrifi22@gmail.com>
AuthorDate: Tue May 12 16:55:44 2026 +0200
Commit:     Aula - Firenze <floritrifi22@gmail.com>
CommitDate: Tue May 12 16:55:44 2026 +0200

    Hangar Test metodo adddrone

commit c9b624590f0f27e35647807b9372b04680dcd36d
Reflog: HEAD@{18} (Aula - Firenze <floritrifi22@gmail.com>)
Reflog message: commit: Hangar Test metodo adddrone
Author:     Aula - Firenze <floritrifi22@gmail.com>
AuthorDate: Tue May 12 16:55:44 2026 +0200
Commit:     Aula - Firenze <floritrifi22@gmail.com>
CommitDate: Tue May 12 16:55:44 2026 +0200

    Hangar Test metodo adddrone

commit 003382a1258d373e36afd51e2ac8d59a41273e1b
Reflog: HEAD@{19} (Aula - Firenze <floritrifi22@gmail.com>)
Reflog message: checkout: moving from main to feature/test-suite
Author:     Aula - Firenze <floritrifi22@gmail.com>
AuthorDate: Tue May 12 16:44:51 2026 +0200
Commit:     Aula - Firenze <floritrifi22@gmail.com>
CommitDate: Tue May 12 16:44:51 2026 +0200

    Hangar Test metodo capacity-Count

commit 003382a1258d373e36afd51e2ac8d59a41273e1b
Reflog: refs/remotes/origin/main@{5} (Aula - Firenze <floritrifi22@gmail.com>)
Reflog message: update by push
Author:     Aula - Firenze <floritrifi22@gmail.com>
AuthorDate: Tue May 12 16:44:51 2026 +0200
Commit:     Aula - Firenze <floritrifi22@gmail.com>
CommitDate: Tue May 12 16:44:51 2026 +0200

    Hangar Test metodo capacity-Count

commit 003382a1258d373e36afd51e2ac8d59a41273e1b
Reflog: refs/heads/main@{5} (Aula - Firenze <floritrifi22@gmail.com>)
Reflog message: merge feature/test-suite: Fast-forward
Author:     Aula - Firenze <floritrifi22@gmail.com>
AuthorDate: Tue May 12 16:44:51 2026 +0200
Commit:     Aula - Firenze <floritrifi22@gmail.com>
CommitDate: Tue May 12 16:44:51 2026 +0200

    Hangar Test metodo capacity-Count

commit 003382a1258d373e36afd51e2ac8d59a41273e1b
Reflog: HEAD@{20} (Aula - Firenze <floritrifi22@gmail.com>)
Reflog message: merge feature/test-suite: Fast-forward
Author:     Aula - Firenze <floritrifi22@gmail.com>
AuthorDate: Tue May 12 16:44:51 2026 +0200
Commit:     Aula - Firenze <floritrifi22@gmail.com>
CommitDate: Tue May 12 16:44:51 2026 +0200

    Hangar Test metodo capacity-Count

commit 23cda76358b4133d5ede6314fb2929f541fd864b
Reflog: HEAD@{21} (Aula - Firenze <floritrifi22@gmail.com>)
Reflog message: checkout: moving from feature/test-suite to main
Author:     Aula - Firenze <floritrifi22@gmail.com>
AuthorDate: Tue May 12 16:32:25 2026 +0200
Commit:     Aula - Firenze <floritrifi22@gmail.com>
CommitDate: Tue May 12 16:32:25 2026 +0200

    Aggiunta file HangarTest

commit 003382a1258d373e36afd51e2ac8d59a41273e1b
Reflog: refs/remotes/origin/feature/test-suite@{5} (Aula - Firenze <floritrifi22@gmail.com>)
Reflog message: update by push
Author:     Aula - Firenze <floritrifi22@gmail.com>
AuthorDate: Tue May 12 16:44:51 2026 +0200
Commit:     Aula - Firenze <floritrifi22@gmail.com>
CommitDate: Tue May 12 16:44:51 2026 +0200

    Hangar Test metodo capacity-Count

commit 003382a1258d373e36afd51e2ac8d59a41273e1b
Reflog: refs/heads/feature/test-suite@{5} (Aula - Firenze <floritrifi22@gmail.com>)
Reflog message: commit: Hangar Test metodo capacity-Count
Author:     Aula - Firenze <floritrifi22@gmail.com>
AuthorDate: Tue May 12 16:44:51 2026 +0200
Commit:     Aula - Firenze <floritrifi22@gmail.com>
CommitDate: Tue May 12 16:44:51 2026 +0200

    Hangar Test metodo capacity-Count

commit 003382a1258d373e36afd51e2ac8d59a41273e1b
Reflog: HEAD@{22} (Aula - Firenze <floritrifi22@gmail.com>)
Reflog message: commit: Hangar Test metodo capacity-Count
Author:     Aula - Firenze <floritrifi22@gmail.com>
AuthorDate: Tue May 12 16:44:51 2026 +0200
Commit:     Aula - Firenze <floritrifi22@gmail.com>
CommitDate: Tue May 12 16:44:51 2026 +0200

    Hangar Test metodo capacity-Count

commit 23cda76358b4133d5ede6314fb2929f541fd864b
Reflog: refs/heads/feature/test-suite@{6} (Aula - Firenze <floritrifi22@gmail.com>)
Reflog message: merge main: Fast-forward
Author:     Aula - Firenze <floritrifi22@gmail.com>
AuthorDate: Tue May 12 16:32:25 2026 +0200
Commit:     Aula - Firenze <floritrifi22@gmail.com>
CommitDate: Tue May 12 16:32:25 2026 +0200

    Aggiunta file HangarTest

commit 23cda76358b4133d5ede6314fb2929f541fd864b
Reflog: HEAD@{23} (Aula - Firenze <floritrifi22@gmail.com>)
Reflog message: merge main: Fast-forward
Author:     Aula - Firenze <floritrifi22@gmail.com>
AuthorDate: Tue May 12 16:32:25 2026 +0200
Commit:     Aula - Firenze <floritrifi22@gmail.com>
CommitDate: Tue May 12 16:32:25 2026 +0200

    Aggiunta file HangarTest

commit e6bc4db74a51754fcbfd1170a813400e076d2e69
Reflog: HEAD@{24} (Aula - Firenze <floritrifi22@gmail.com>)
Reflog message: checkout: moving from main to feature/test-suite
Author:     Aula - Firenze <floritrifi22@gmail.com>
AuthorDate: Tue May 12 16:27:30 2026 +0200
Commit:     Aula - Firenze <floritrifi22@gmail.com>
CommitDate: Tue May 12 16:27:30 2026 +0200

    Test metodo addflightminutes

commit 23cda76358b4133d5ede6314fb2929f541fd864b
Reflog: refs/remotes/origin/main@{6} (Aula - Firenze <floritrifi22@gmail.com>)
Reflog message: update by push
Author:     Aula - Firenze <floritrifi22@gmail.com>
AuthorDate: Tue May 12 16:32:25 2026 +0200
Commit:     Aula - Firenze <floritrifi22@gmail.com>
CommitDate: Tue May 12 16:32:25 2026 +0200

    Aggiunta file HangarTest

commit 23cda76358b4133d5ede6314fb2929f541fd864b
Reflog: refs/heads/main@{6} (Aula - Firenze <floritrifi22@gmail.com>)
Reflog message: commit: Aggiunta file HangarTest
Author:     Aula - Firenze <floritrifi22@gmail.com>
AuthorDate: Tue May 12 16:32:25 2026 +0200
Commit:     Aula - Firenze <floritrifi22@gmail.com>
CommitDate: Tue May 12 16:32:25 2026 +0200

    Aggiunta file HangarTest

commit 23cda76358b4133d5ede6314fb2929f541fd864b
Reflog: refs/heads/main@{6} (Aula - Firenze <floritrifi22@gmail.com>)
Reflog message: commit: Aggiunta file HangarTest
Author:     Aula - Firenze <floritrifi22@gmail.com>
AuthorDate: Tue May 12 16:32:25 2026 +0200
Commit:     Aula - Firenze <floritrifi22@gmail.com>
CommitDate: Tue May 12 16:32:25 2026 +0200

    Aggiunta file HangarTest

commit 23cda76358b4133d5ede6314fb2929f541fd864b
Reflog: HEAD@{25} (Aula - Firenze <floritrifi22@gmail.com>)
Reflog message: commit: Aggiunta file HangarTest
Author:     Aula - Firenze <floritrifi22@gmail.com>
AuthorDate: Tue May 12 16:32:25 2026 +0200
Commit:     Aula - Firenze <floritrifi22@gmail.com>
CommitDate: Tue May 12 16:32:25 2026 +0200

    Aggiunta file HangarTest

commit e6bc4db74a51754fcbfd1170a813400e076d2e69
Reflog: HEAD@{26} (Aula - Firenze <floritrifi22@gmail.com>)
Reflog message: checkout: moving from feature/test-suite to main
Author:     Aula - Firenze <floritrifi22@gmail.com>
AuthorDate: Tue May 12 16:27:30 2026 +0200
Commit:     Aula - Firenze <floritrifi22@gmail.com>
CommitDate: Tue May 12 16:27:30 2026 +0200

    Test metodo addflightminutes

commit e6bc4db74a51754fcbfd1170a813400e076d2e69
Reflog: HEAD@{27} (Aula - Firenze <floritrifi22@gmail.com>)
Reflog message: checkout: moving from main to feature/test-suite
Author:     Aula - Firenze <floritrifi22@gmail.com>
AuthorDate: Tue May 12 16:27:30 2026 +0200
Commit:     Aula - Firenze <floritrifi22@gmail.com>
CommitDate: Tue May 12 16:27:30 2026 +0200

    Test metodo addflightminutes

commit e6bc4db74a51754fcbfd1170a813400e076d2e69
Reflog: refs/remotes/origin/main@{7} (Aula - Firenze <floritrifi22@gmail.com>)
Reflog message: update by push
Author:     Aula - Firenze <floritrifi22@gmail.com>
AuthorDate: Tue May 12 16:27:30 2026 +0200
Commit:     Aula - Firenze <floritrifi22@gmail.com>
CommitDate: Tue May 12 16:27:30 2026 +0200

    Test metodo addflightminutes

    commit e6bc4db74a51754fcbfd1170a813400e076d2e69
Reflog: HEAD@{28} (Aula - Firenze <floritrifi22@gmail.com>)
Reflog message: merge feature/test-suite: Fast-forward
Author:     Aula - Firenze <floritrifi22@gmail.com>
AuthorDate: Tue May 12 16:27:30 2026 +0200
Commit:     Aula - Firenze <floritrifi22@gmail.com>
CommitDate: Tue May 12 16:27:30 2026 +0200

    Test metodo addflightminutes

commit 7d34ba2eac76ad8258fe89971cd3f8457137378c
Reflog: HEAD@{29} (Aula - Firenze <floritrifi22@gmail.com>)
Reflog message: checkout: moving from feature/test-suite to main
Author:     Aula - Firenze <floritrifi22@gmail.com>
AuthorDate: Tue May 12 16:18:44 2026 +0200
Commit:     Aula - Firenze <floritrifi22@gmail.com>
CommitDate: Tue May 12 16:18:44 2026 +0200

    Test metodo retire

commit e6bc4db74a51754fcbfd1170a813400e076d2e69
Reflog: refs/remotes/origin/feature/test-suite@{6} (Aula - Firenze <floritrifi22@gmail.com>)
Reflog message: update by push
Author:     Aula - Firenze <floritrifi22@gmail.com>
AuthorDate: Tue May 12 16:27:30 2026 +0200
Commit:     Aula - Firenze <floritrifi22@gmail.com>
CommitDate: Tue May 12 16:27:30 2026 +0200

    Test metodo addflightminutes

    commit e6bc4db74a51754fcbfd1170a813400e076d2e69
Reflog: refs/heads/feature/test-suite@{7} (Aula - Firenze <floritrifi22@gmail.com>)
Reflog message: commit: Test metodo addflightminutes
Author:     Aula - Firenze <floritrifi22@gmail.com>
AuthorDate: Tue May 12 16:27:30 2026 +0200
Commit:     Aula - Firenze <floritrifi22@gmail.com>
CommitDate: Tue May 12 16:27:30 2026 +0200

    Test metodo addflightminutes

commit e6bc4db74a51754fcbfd1170a813400e076d2e69
Reflog: HEAD@{30} (Aula - Firenze <floritrifi22@gmail.com>)
Reflog message: commit: Test metodo addflightminutes
Author:     Aula - Firenze <floritrifi22@gmail.com>
AuthorDate: Tue May 12 16:27:30 2026 +0200
Commit:     Aula - Firenze <floritrifi22@gmail.com>
CommitDate: Tue May 12 16:27:30 2026 +0200

    Test metodo addflightminutes

commit 7d34ba2eac76ad8258fe89971cd3f8457137378c
Reflog: HEAD@{31} (Aula - Firenze <floritrifi22@gmail.com>)
Reflog message: checkout: moving from main to feature/test-suite
Author:     Aula - Firenze <floritrifi22@gmail.com>
AuthorDate: Tue May 12 16:18:44 2026 +0200
Commit:     Aula - Firenze <floritrifi22@gmail.com>
CommitDate: Tue May 12 16:18:44 2026 +0200

    Test metodo retire

commit 7d34ba2eac76ad8258fe89971cd3f8457137378c
Reflog: refs/remotes/origin/main@{8} (Aula - Firenze <floritrifi22@gmail.com>)
Reflog message: update by push
Author:     Aula - Firenze <floritrifi22@gmail.com>
AuthorDate: Tue May 12 16:18:44 2026 +0200
Commit:     Aula - Firenze <floritrifi22@gmail.com>
CommitDate: Tue May 12 16:18:44 2026 +0200

    Test metodo retire

    commit 7d34ba2eac76ad8258fe89971cd3f8457137378c
Reflog: refs/heads/main@{8} (Aula - Firenze <floritrifi22@gmail.com>)
Reflog message: merge feature/test-suite: Fast-forward
Author:     Aula - Firenze <floritrifi22@gmail.com>
AuthorDate: Tue May 12 16:18:44 2026 +0200
Commit:     Aula - Firenze <floritrifi22@gmail.com>
CommitDate: Tue May 12 16:18:44 2026 +0200

    Test metodo retire

commit 7d34ba2eac76ad8258fe89971cd3f8457137378c
Reflog: HEAD@{32} (Aula - Firenze <floritrifi22@gmail.com>)
Reflog message: merge feature/test-suite: Fast-forward
Author:     Aula - Firenze <floritrifi22@gmail.com>
AuthorDate: Tue May 12 16:18:44 2026 +0200
Commit:     Aula - Firenze <floritrifi22@gmail.com>
CommitDate: Tue May 12 16:18:44 2026 +0200

    Test metodo retire

commit e351a6ffa588732c052da5e1555670bdabc080d5
Reflog: HEAD@{33} (Aula - Firenze <floritrifi22@gmail.com>)
Reflog message: checkout: moving from feature/test-suite to main
Author:     Aula - Firenze <floritrifi22@gmail.com>
AuthorDate: Tue May 12 16:05:19 2026 +0200
Commit:     Aula - Firenze <floritrifi22@gmail.com>
CommitDate: Tue May 12 16:05:19 2026 +0200

    Test send/return maintenance

commit 7d34ba2eac76ad8258fe89971cd3f8457137378c
Reflog: refs/remotes/origin/feature/test-suite@{7} (Aula - Firenze <floritrifi22@gmail.com>)
Reflog message: update by push
Author:     Aula - Firenze <floritrifi22@gmail.com>
AuthorDate: Tue May 12 16:18:44 2026 +0200
Commit:     Aula - Firenze <floritrifi22@gmail.com>
CommitDate: Tue May 12 16:18:44 2026 +0200

    Test metodo retire

    commit 7d34ba2eac76ad8258fe89971cd3f8457137378c
Reflog: refs/heads/feature/test-suite@{8} (Aula - Firenze <floritrifi22@gmail.com>)
Reflog message: commit: Test metodo retire
Author:     Aula - Firenze <floritrifi22@gmail.com>
AuthorDate: Tue May 12 16:18:44 2026 +0200
Commit:     Aula - Firenze <floritrifi22@gmail.com>
CommitDate: Tue May 12 16:18:44 2026 +0200

    Test metodo retire

commit 7d34ba2eac76ad8258fe89971cd3f8457137378c
Reflog: HEAD@{34} (Aula - Firenze <floritrifi22@gmail.com>)
Reflog message: commit: Test metodo retire
Author:     Aula - Firenze <floritrifi22@gmail.com>
AuthorDate: Tue May 12 16:18:44 2026 +0200
Commit:     Aula - Firenze <floritrifi22@gmail.com>
CommitDate: Tue May 12 16:18:44 2026 +0200

    Test metodo retire

commit e351a6ffa588732c052da5e1555670bdabc080d5
Reflog: HEAD@{35} (Aula - Firenze <floritrifi22@gmail.com>)
Reflog message: checkout: moving from main to feature/test-suite
Author:     Aula - Firenze <floritrifi22@gmail.com>
AuthorDate: Tue May 12 16:05:19 2026 +0200
Commit:     Aula - Firenze <floritrifi22@gmail.com>
CommitDate: Tue May 12 16:05:19 2026 +0200

    Test send/return maintenance

commit e351a6ffa588732c052da5e1555670bdabc080d5
Reflog: refs/remotes/origin/main@{9} (Aula - Firenze <floritrifi22@gmail.com>)
Reflog message: update by push
Author:     Aula - Firenze <floritrifi22@gmail.com>
AuthorDate: Tue May 12 16:05:19 2026 +0200
Commit:     Aula - Firenze <floritrifi22@gmail.com>
CommitDate: Tue May 12 16:05:19 2026 +0200

    Test send/return maintenance

    commit e351a6ffa588732c052da5e1555670bdabc080d5
Reflog: refs/heads/main@{9} (Aula - Firenze <floritrifi22@gmail.com>)
Reflog message: merge feature/test-suite: Fast-forward
Author:     Aula - Firenze <floritrifi22@gmail.com>
AuthorDate: Tue May 12 16:05:19 2026 +0200
Commit:     Aula - Firenze <floritrifi22@gmail.com>
CommitDate: Tue May 12 16:05:19 2026 +0200

    Test send/return maintenance

commit e351a6ffa588732c052da5e1555670bdabc080d5
Reflog: HEAD@{36} (Aula - Firenze <floritrifi22@gmail.com>)
Reflog message: merge feature/test-suite: Fast-forward
Author:     Aula - Firenze <floritrifi22@gmail.com>
AuthorDate: Tue May 12 16:05:19 2026 +0200
Commit:     Aula - Firenze <floritrifi22@gmail.com>
CommitDate: Tue May 12 16:05:19 2026 +0200

    Test send/return maintenance

commit 4e3b16ea28ccc55829a0cea7e756626279cd9881
Reflog: HEAD@{37} (Aula - Firenze <floritrifi22@gmail.com>)
Reflog message: checkout: moving from feature/test-suite to main
Author:     Aula - Firenze <floritrifi22@gmail.com>
AuthorDate: Tue May 12 15:53:41 2026 +0200
Commit:     Aula - Firenze <floritrifi22@gmail.com>
CommitDate: Tue May 12 15:53:41 2026 +0200

    Test metodo markdocked

commit e351a6ffa588732c052da5e1555670bdabc080d5
Reflog: refs/remotes/origin/feature/test-suite@{8} (Aula - Firenze <floritrifi22@gmail.com>)
Reflog message: update by push
Author:     Aula - Firenze <floritrifi22@gmail.com>
AuthorDate: Tue May 12 16:05:19 2026 +0200
Commit:     Aula - Firenze <floritrifi22@gmail.com>
CommitDate: Tue May 12 16:05:19 2026 +0200

    Test send/return maintenance

    commit e351a6ffa588732c052da5e1555670bdabc080d5
Reflog: refs/heads/feature/test-suite@{9} (Aula - Firenze <floritrifi22@gmail.com>)
Reflog message: commit: Test send/return maintenance
Author:     Aula - Firenze <floritrifi22@gmail.com>
AuthorDate: Tue May 12 16:05:19 2026 +0200
Commit:     Aula - Firenze <floritrifi22@gmail.com>
CommitDate: Tue May 12 16:05:19 2026 +0200

    Test send/return maintenance

commit e351a6ffa588732c052da5e1555670bdabc080d5
Reflog: HEAD@{38} (Aula - Firenze <floritrifi22@gmail.com>)
Reflog message: commit: Test send/return maintenance
Author:     Aula - Firenze <floritrifi22@gmail.com>
AuthorDate: Tue May 12 16:05:19 2026 +0200
Commit:     Aula - Firenze <floritrifi22@gmail.com>
CommitDate: Tue May 12 16:05:19 2026 +0200

    Test send/return maintenance

commit 4e3b16ea28ccc55829a0cea7e756626279cd9881
Reflog: HEAD@{39} (Aula - Firenze <floritrifi22@gmail.com>)
Reflog message: checkout: moving from main to feature/test-suite
Author:     Aula - Firenze <floritrifi22@gmail.com>
AuthorDate: Tue May 12 15:53:41 2026 +0200
Commit:     Aula - Firenze <floritrifi22@gmail.com>
CommitDate: Tue May 12 15:53:41 2026 +0200

    Test metodo markdocked

commit 4e3b16ea28ccc55829a0cea7e756626279cd9881
Reflog: refs/remotes/origin/main@{10} (Aula - Firenze <floritrifi22@gmail.com>)
Reflog message: update by push
Author:     Aula - Firenze <floritrifi22@gmail.com>
AuthorDate: Tue May 12 15:53:41 2026 +0200
Commit:     Aula - Firenze <floritrifi22@gmail.com>
CommitDate: Tue May 12 15:53:41 2026 +0200

    Test metodo markdocked

    commit 4e3b16ea28ccc55829a0cea7e756626279cd9881
Reflog: refs/heads/main@{10} (Aula - Firenze <floritrifi22@gmail.com>)
Reflog message: merge feature/test-suite: Fast-forward
Author:     Aula - Firenze <floritrifi22@gmail.com>
AuthorDate: Tue May 12 15:53:41 2026 +0200
Commit:     Aula - Firenze <floritrifi22@gmail.com>
CommitDate: Tue May 12 15:53:41 2026 +0200

    Test metodo markdocked

commit 4e3b16ea28ccc55829a0cea7e756626279cd9881
Reflog: HEAD@{40} (Aula - Firenze <floritrifi22@gmail.com>)
Reflog message: merge feature/test-suite: Fast-forward
Author:     Aula - Firenze <floritrifi22@gmail.com>
AuthorDate: Tue May 12 15:53:41 2026 +0200
Commit:     Aula - Firenze <floritrifi22@gmail.com>
CommitDate: Tue May 12 15:53:41 2026 +0200

    Test metodo markdocked

commit f613e1ed185a567a49781de6f213dcb581c4fb2c (origin/feature/takeoff, feature/takeoff)
Reflog: HEAD@{41} (Aula - Firenze <floritrifi22@gmail.com>)
Reflog message: checkout: moving from feature/test-suite to main
Author:     Aula - Firenze <floritrifi22@gmail.com>
AuthorDate: Tue May 12 15:39:54 2026 +0200
Commit:     Aula - Firenze <floritrifi22@gmail.com>
CommitDate: Tue May 12 15:39:54 2026 +0200

    Test metodo takeoff

commit 4e3b16ea28ccc55829a0cea7e756626279cd9881
Reflog: refs/remotes/origin/feature/test-suite@{9} (Aula - Firenze <floritrifi22@gmail.com>)
Reflog message: update by push
Author:     Aula - Firenze <floritrifi22@gmail.com>
AuthorDate: Tue May 12 15:53:41 2026 +0200
Commit:     Aula - Firenze <floritrifi22@gmail.com>
CommitDate: Tue May 12 15:53:41 2026 +0200

    Test metodo markdocked

    commit 4e3b16ea28ccc55829a0cea7e756626279cd9881
Reflog: refs/heads/feature/test-suite@{10} (Aula - Firenze <floritrifi22@gmail.com>)
Reflog message: commit: Test metodo markdocked
Author:     Aula - Firenze <floritrifi22@gmail.com>
AuthorDate: Tue May 12 15:53:41 2026 +0200
Commit:     Aula - Firenze <floritrifi22@gmail.com>
CommitDate: Tue May 12 15:53:41 2026 +0200

    Test metodo markdocked

commit 4e3b16ea28ccc55829a0cea7e756626279cd9881
Reflog: HEAD@{42} (Aula - Firenze <floritrifi22@gmail.com>)
Reflog message: commit: Test metodo markdocked
Author:     Aula - Firenze <floritrifi22@gmail.com>
AuthorDate: Tue May 12 15:53:41 2026 +0200
Commit:     Aula - Firenze <floritrifi22@gmail.com>
CommitDate: Tue May 12 15:53:41 2026 +0200

    Test metodo markdocked

commit f613e1ed185a567a49781de6f213dcb581c4fb2c (origin/feature/takeoff, feature/takeoff)
Reflog: HEAD@{43} (Aula - Firenze <floritrifi22@gmail.com>)
Reflog message: checkout: moving from main to feature/test-suite
Author:     Aula - Firenze <floritrifi22@gmail.com>
AuthorDate: Tue May 12 15:39:54 2026 +0200
Commit:     Aula - Firenze <floritrifi22@gmail.com>
CommitDate: Tue May 12 15:39:54 2026 +0200

    Test metodo takeoff

commit f613e1ed185a567a49781de6f213dcb581c4fb2c (origin/feature/takeoff, feature/takeoff)
Reflog: refs/heads/feature/test-suite@{11} (Aula - Firenze <floritrifi22@gmail.com>)
Reflog message: branch: Created from main
Author:     Aula - Firenze <floritrifi22@gmail.com>
AuthorDate: Tue May 12 15:39:54 2026 +0200
Commit:     Aula - Firenze <floritrifi22@gmail.com>
CommitDate: Tue May 12 15:39:54 2026 +0200

    Test metodo takeoff

    commit f613e1ed185a567a49781de6f213dcb581c4fb2c (origin/feature/takeoff, feature/takeoff)
Reflog: refs/remotes/origin/main@{11} (Aula - Firenze <floritrifi22@gmail.com>)
Reflog message: update by push
Author:     Aula - Firenze <floritrifi22@gmail.com>
AuthorDate: Tue May 12 15:39:54 2026 +0200
Commit:     Aula - Firenze <floritrifi22@gmail.com>
CommitDate: Tue May 12 15:39:54 2026 +0200

    Test metodo takeoff

commit f613e1ed185a567a49781de6f213dcb581c4fb2c (origin/feature/takeoff, feature/takeoff)
Reflog: refs/heads/main@{11} (Aula - Firenze <floritrifi22@gmail.com>)
Reflog message: merge feature/takeoff: Fast-forward
Author:     Aula - Firenze <floritrifi22@gmail.com>
AuthorDate: Tue May 12 15:39:54 2026 +0200
Commit:     Aula - Firenze <floritrifi22@gmail.com>
CommitDate: Tue May 12 15:39:54 2026 +0200

    Test metodo takeoff

commit f613e1ed185a567a49781de6f213dcb581c4fb2c (origin/feature/takeoff, feature/takeoff)
Reflog: HEAD@{44} (Aula - Firenze <floritrifi22@gmail.com>)
Reflog message: merge feature/takeoff: Fast-forward
Author:     Aula - Firenze <floritrifi22@gmail.com>
AuthorDate: Tue May 12 15:39:54 2026 +0200
Commit:     Aula - Firenze <floritrifi22@gmail.com>
CommitDate: Tue May 12 15:39:54 2026 +0200

    Test metodo takeoff

commit 2237204c1cf211781ca434b957e18d17f12c3f21 (origin/feature/id-flightMinutes-status, feature/id-flightMinutes-status)
Reflog: HEAD@{45} (Aula - Firenze <floritrifi22@gmail.com>)
Reflog message: checkout: moving from feature/takeoff to main
Author:     Aula - Firenze <floritrifi22@gmail.com>
AuthorDate: Tue May 12 15:18:19 2026 +0200
Commit:     Aula - Firenze <floritrifi22@gmail.com>
CommitDate: Tue May 12 15:18:19 2026 +0200

    Test id-flightMinutes-status

    commit 2237204c1cf211781ca434b957e18d17f12c3f21 (origin/feature/id-flightMinutes-status, feature/id-flightMinutes-status)
Reflog: HEAD@{45} (Aula - Firenze <floritrifi22@gmail.com>)
Reflog message: checkout: moving from feature/takeoff to main
Author:     Aula - Firenze <floritrifi22@gmail.com>
AuthorDate: Tue May 12 15:18:19 2026 +0200
Commit:     Aula - Firenze <floritrifi22@gmail.com>
CommitDate: Tue May 12 15:18:19 2026 +0200

    Test id-flightMinutes-status

commit f613e1ed185a567a49781de6f213dcb581c4fb2c (origin/feature/takeoff, feature/takeoff)
Reflog: refs/remotes/origin/feature/takeoff@{0} (Aula - Firenze <floritrifi22@gmail.com>)
Reflog message: update by push
Author:     Aula - Firenze <floritrifi22@gmail.com>
AuthorDate: Tue May 12 15:39:54 2026 +0200
Commit:     Aula - Firenze <floritrifi22@gmail.com>
CommitDate: Tue May 12 15:39:54 2026 +0200

    Test metodo takeoff

commit f613e1ed185a567a49781de6f213dcb581c4fb2c (origin/feature/takeoff, feature/takeoff)
Reflog: refs/heads/feature/takeoff@{0} (Aula - Firenze <floritrifi22@gmail.com>)
Reflog message: commit: Test metodo takeoff
Author:     Aula - Firenze <floritrifi22@gmail.com>
AuthorDate: Tue May 12 15:39:54 2026 +0200
Commit:     Aula - Firenze <floritrifi22@gmail.com>
CommitDate: Tue May 12 15:39:54 2026 +0200

    Test metodo takeoff

commit f613e1ed185a567a49781de6f213dcb581c4fb2c (origin/feature/takeoff, feature/takeoff)
Reflog: HEAD@{46} (Aula - Firenze <floritrifi22@gmail.com>)
Reflog message: commit: Test metodo takeoff
Author:     Aula - Firenze <floritrifi22@gmail.com>
AuthorDate: Tue May 12 15:39:54 2026 +0200
Commit:     Aula - Firenze <floritrifi22@gmail.com>
CommitDate: Tue May 12 15:39:54 2026 +0200

    Test metodo takeoff

commit 2237204c1cf211781ca434b957e18d17f12c3f21 (origin/feature/id-flightMinutes-status, feature/id-flightMinutes-status)
Reflog: HEAD@{47} (Aula - Firenze <floritrifi22@gmail.com>)
Reflog message: checkout: moving from main to feature/takeoff
Author:     Aula - Firenze <floritrifi22@gmail.com>
AuthorDate: Tue May 12 15:18:19 2026 +0200
Commit:     Aula - Firenze <floritrifi22@gmail.com>
CommitDate: Tue May 12 15:18:19 2026 +0200

    Test id-flightMinutes-status

    commit 2237204c1cf211781ca434b957e18d17f12c3f21 (origin/feature/id-flightMinutes-status, feature/id-flightMinutes-status)
Reflog: HEAD@{47} (Aula - Firenze <floritrifi22@gmail.com>)
Reflog message: checkout: moving from main to feature/takeoff
Author:     Aula - Firenze <floritrifi22@gmail.com>
AuthorDate: Tue May 12 15:18:19 2026 +0200
Commit:     Aula - Firenze <floritrifi22@gmail.com>
CommitDate: Tue May 12 15:18:19 2026 +0200

    Test id-flightMinutes-status

commit 2237204c1cf211781ca434b957e18d17f12c3f21 (origin/feature/id-flightMinutes-status, feature/id-flightMinutes-status)
Reflog: refs/heads/feature/takeoff@{1} (Aula - Firenze <floritrifi22@gmail.com>)
Reflog message: branch: Created from main
Author:     Aula - Firenze <floritrifi22@gmail.com>
AuthorDate: Tue May 12 15:18:19 2026 +0200
Commit:     Aula - Firenze <floritrifi22@gmail.com>
CommitDate: Tue May 12 15:18:19 2026 +0200

    Test id-flightMinutes-status

commit 2237204c1cf211781ca434b957e18d17f12c3f21 (origin/feature/id-flightMinutes-status, feature/id-flightMinutes-status)
Reflog: refs/remotes/origin/main@{12} (Aula - Firenze <floritrifi22@gmail.com>)
Reflog message: update by push
Author:     Aula - Firenze <floritrifi22@gmail.com>
AuthorDate: Tue May 12 15:18:19 2026 +0200
Commit:     Aula - Firenze <floritrifi22@gmail.com>
CommitDate: Tue May 12 15:18:19 2026 +0200

    Test id-flightMinutes-status

commit 2237204c1cf211781ca434b957e18d17f12c3f21 (origin/feature/id-flightMinutes-status, feature/id-flightMinutes-status)
Reflog: refs/heads/main@{12} (Aula - Firenze <floritrifi22@gmail.com>)
Reflog message: merge feature/id-flightMinutes-status: Fast-forward
Author:     Aula - Firenze <floritrifi22@gmail.com>
AuthorDate: Tue May 12 15:18:19 2026 +0200
Commit:     Aula - Firenze <floritrifi22@gmail.com>
CommitDate: Tue May 12 15:18:19 2026 +0200

    Test id-flightMinutes-status

commit 2237204c1cf211781ca434b957e18d17f12c3f21 (origin/feature/id-flightMinutes-status, feature/id-flightMinutes-status)
Reflog: HEAD@{48} (Aula - Firenze <floritrifi22@gmail.com>)
Reflog message: merge feature/id-flightMinutes-status: Fast-forward
Author:     Aula - Firenze <floritrifi22@gmail.com>
AuthorDate: Tue May 12 15:18:19 2026 +0200
Commit:     Aula - Firenze <floritrifi22@gmail.com>
CommitDate: Tue May 12 15:18:19 2026 +0200

    Test id-flightMinutes-status

    commit 701922703d0e1fc8416a5ba6e567ab9c8991640e
Reflog: refs/remotes/origin/HEAD@{0} (Aula - Firenze <floritrifi22@gmail.com>)
Reflog message: fetch
Author:     Aula - Firenze <floritrifi22@gmail.com>
AuthorDate: Tue May 12 14:59:22 2026 +0200
Commit:     Aula - Firenze <floritrifi22@gmail.com>
CommitDate: Tue May 12 14:59:22 2026 +0200

    Inizializzazione repository

commit 701922703d0e1fc8416a5ba6e567ab9c8991640e
Reflog: HEAD@{49} (Aula - Firenze <floritrifi22@gmail.com>)
Reflog message: checkout: moving from feature/id-flightMinutes-status to main
Author:     Aula - Firenze <floritrifi22@gmail.com>
AuthorDate: Tue May 12 14:59:22 2026 +0200
Commit:     Aula - Firenze <floritrifi22@gmail.com>
CommitDate: Tue May 12 14:59:22 2026 +0200

    Inizializzazione repository

commit 2237204c1cf211781ca434b957e18d17f12c3f21 (origin/feature/id-flightMinutes-status, feature/id-flightMinutes-status)
Reflog: refs/remotes/origin/feature/id-flightMinutes-status@{0} (Aula - Firenze <floritrifi22@gmail.com>)
Reflog message: update by push
Author:     Aula - Firenze <floritrifi22@gmail.com>
AuthorDate: Tue May 12 15:18:19 2026 +0200
Commit:     Aula - Firenze <floritrifi22@gmail.com>
CommitDate: Tue May 12 15:18:19 2026 +0200

    Test id-flightMinutes-status

commit 2237204c1cf211781ca434b957e18d17f12c3f21 (origin/feature/id-flightMinutes-status, feature/id-flightMinutes-status)
Reflog: refs/heads/feature/id-flightMinutes-status@{0} (Aula - Firenze <floritrifi22@gmail.com>)
Reflog message: commit: Test id-flightMinutes-status
Author:     Aula - Firenze <floritrifi22@gmail.com>
AuthorDate: Tue May 12 15:18:19 2026 +0200
Commit:     Aula - Firenze <floritrifi22@gmail.com>
CommitDate: Tue May 12 15:18:19 2026 +0200

    Test id-flightMinutes-status

    commit 2237204c1cf211781ca434b957e18d17f12c3f21 (origin/feature/id-flightMinutes-status, feature/id-flightMinutes-status)
Reflog: HEAD@{50} (Aula - Firenze <floritrifi22@gmail.com>)
Reflog message: commit: Test id-flightMinutes-status
Author:     Aula - Firenze <floritrifi22@gmail.com>
AuthorDate: Tue May 12 15:18:19 2026 +0200
Commit:     Aula - Firenze <floritrifi22@gmail.com>
CommitDate: Tue May 12 15:18:19 2026 +0200

    Test id-flightMinutes-status

commit 701922703d0e1fc8416a5ba6e567ab9c8991640e
Reflog: HEAD@{51} (Aula - Firenze <floritrifi22@gmail.com>)
Reflog message: checkout: moving from main to feature/id-flightMinutes-status
Author:     Aula - Firenze <floritrifi22@gmail.com>
AuthorDate: Tue May 12 14:59:22 2026 +0200
Commit:     Aula - Firenze <floritrifi22@gmail.com>
CommitDate: Tue May 12 14:59:22 2026 +0200

    Inizializzazione repository

commit 701922703d0e1fc8416a5ba6e567ab9c8991640e
Reflog: refs/heads/feature/id-flightMinutes-status@{1} (Aula - Firenze <floritrifi22@gmail.com>)
Reflog message: branch: Created from main
Author:     Aula - Firenze <floritrifi22@gmail.com>
AuthorDate: Tue May 12 14:59:22 2026 +0200
Commit:     Aula - Firenze <floritrifi22@gmail.com>
CommitDate: Tue May 12 14:59:22 2026 +0200

    Inizializzazione repository

commit 701922703d0e1fc8416a5ba6e567ab9c8991640e
Reflog: refs/remotes/origin/main@{13} (Aula - Firenze <floritrifi22@gmail.com>)
Reflog message: update by push
Author:     Aula - Firenze <floritrifi22@gmail.com>
AuthorDate: Tue May 12 14:59:22 2026 +0200
Commit:     Aula - Firenze <floritrifi22@gmail.com>
CommitDate: Tue May 12 14:59:22 2026 +0200

    Inizializzazione repository

    commit 701922703d0e1fc8416a5ba6e567ab9c8991640e
Reflog: refs/heads/main@{13} (Aula - Firenze <floritrifi22@gmail.com>)
Reflog message: commit (initial): Inizializzazione repository
Author:     Aula - Firenze <floritrifi22@gmail.com>
AuthorDate: Tue May 12 14:59:22 2026 +0200
Commit:     Aula - Firenze <floritrifi22@gmail.com>
CommitDate: Tue May 12 14:59:22 2026 +0200

    Inizializzazione repository

commit 701922703d0e1fc8416a5ba6e567ab9c8991640e
Reflog: HEAD@{52} (Aula - Firenze <floritrifi22@gmail.com>)
Reflog message: commit (initial): Inizializzazione repository
Author:     Aula - Firenze <floritrifi22@gmail.com>
AuthorDate: Tue May 12 14:59:22 2026 +0200
Commit:     Aula - Firenze <floritrifi22@gmail.com>
CommitDate: Tue May 12 14:59:22 2026 +0200

    Inizializzazione repository